[21:01:21] [ServerMain/INFO]: Environment: Environment[sessionHost=https://sessionserver.mojang.com, servicesHost=https://api.minecraftservices.com, name=PROD]
[21:01:22] [ServerMain/INFO]: No existing world data, creating new world
[21:01:22] [ServerMain/INFO]: Loaded 1407 recipes
[21:01:22] [ServerMain/INFO]: Loaded 1520 advancements
[21:01:23] [Server thread/INFO]: Starting minecraft server version 1.21.8
[21:01:23] [Server thread/INFO]: Loading properties
[21:01:23] [Server thread/INFO]: Default game type: SURVIVAL
[21:01:23] [Server thread/INFO]: Generating keypair
[21:01:23] [Server thread/INFO]: Starting Minecraft server on *:25565
[21:01:23] [Server thread/INFO]: Using default channel type
[21:01:23] [Server thread/INFO]: Preparing level "world"
[21:01:25] [Server thread/INFO]: Preparing start region for dimension minecraft:overworld
[21:01:25] [Worker-Main-11/INFO]: Preparing spawn area: 2%
[21:01:26] [Worker-Main-1/INFO]: Preparing spawn area: 2%
[21:01:26] [Yggdrasil Key Fetcher/ERROR]: Failed to request yggdrasil public key
com.mojang.authlib.exceptions.MinecraftClientException: Failed to read from https://api.minecraftservices.com/publickeys due to Connect timed out
	at com.mojang.authlib.minecraft.client.MinecraftClient.readInputStream(MinecraftClient.java:111) ~[authlib-6.0.58.jar:?]
	at com.mojang.authlib.minecraft.client.MinecraftClient.get(MinecraftClient.java:56) ~[authlib-6.0.58.jar:?]
	at com.mojang.authlib.yggdrasil.YggdrasilServicesKeyInfo.fetch(YggdrasilServicesKeyInfo.java:114) [authlib-6.0.58.jar:?]
	at com.mojang.authlib.yggdrasil.YggdrasilServicesKeyInfo$1.run(YggdrasilServicesKeyInfo.java:89) [authlib-6.0.58.jar:?]
	at java.base/java.util.concurrent.Executors$RunnableAdapter.call(Executors.java:545) [?:?]
	at java.base/java.util.concurrent.FutureTask.run(FutureTask.java:328) [?:?]
	at java.base/java.util.concurrent.ScheduledThreadPoolExecutor$ScheduledFutureTask.run(ScheduledThreadPoolExecutor.java:309) [?:?]
	at java.base/java.util.concurrent.ThreadPoolExecutor.runWorker(ThreadPoolExecutor.java:1095) [?:?]
	at java.base/java.util.concurrent.ThreadPoolExecutor$Worker.run(ThreadPoolExecutor.java:619) [?:?]
	at java.base/java.lang.Thread.run(Thread.java:1447) [?:?]
Caused by: java.net.SocketTimeoutException: Connect timed out
	at java.base/sun.nio.ch.NioSocketImpl.timedFinishConnect(NioSocketImpl.java:537) ~[?:?]
	at java.base/sun.nio.ch.NioSocketImpl.connect(NioSocketImpl.java:583) ~[?:?]
	at java.base/java.net.SocksSocketImpl.connect(SocksSocketImpl.java:282) ~[?:?]
	at java.base/java.net.Socket.connect(Socket.java:665) ~[?:?]
	at java.base/sun.security.ssl.SSLSocketImpl.connect(SSLSocketImpl.java:304) ~[?:?]
	at java.base/sun.net.NetworkClient.doConnect(NetworkClient.java:161) ~[?:?]
	at java.base/sun.net.www.http.HttpClient.openServer(HttpClient.java:516) ~[?:?]
	at java.base/sun.net.www.http.HttpClient.openServer(HttpClient.java:604) ~[?:?]
	at java.base/sun.net.www.protocol.https.HttpsClient.<init>(HttpsClient.java:205) ~[?:?]
	at java.base/sun.net.www.protocol.https.HttpsClient.New(HttpsClient.java:287) ~[?:?]
	at java.base/sun.net.www.protocol.https.AbstractDelegateHttpsURLConnection.getNewHttpClient(AbstractDelegateHttpsURLConnection.java:193) ~[?:?]
	at java.base/sun.net.www.protocol.http.HttpURLConnection.plainConnect0(HttpURLConnection.java:1008) ~[?:?]
	at java.base/sun.net.www.protocol.http.HttpURLConnection.plainConnect(HttpURLConnection.java:899) ~[?:?]
	at java.base/sun.net.www.protocol.https.AbstractDelegateHttpsURLConnection.connect(AbstractDelegateHttpsURLConnection.java:179) ~[?:?]
	at java.base/sun.net.www.protocol.http.HttpURLConnection.getInputStream0(HttpURLConnection.java:1377) ~[?:?]
	at java.base/sun.net.www.protocol.http.HttpURLConnection.getInputStream(HttpURLConnection.java:1302) ~[?:?]
	at java.base/java.net.HttpURLConnection.getResponseCode(HttpURLConnection.java:493) ~[?:?]
	at java.base/sun.net.www.protocol.https.HttpsURLConnectionImpl.getResponseCode(HttpsURLConnectionImpl.java:307) ~[?:?]
	at com.mojang.authlib.minecraft.client.MinecraftClient.readInputStream(MinecraftClient.java:82) ~[authlib-6.0.58.jar:?]
	... 9 more
[21:01:26] [Worker-Main-4/INFO]: Preparing spawn area: 18%
[21:01:27] [Worker-Main-2/INFO]: Preparing spawn area: 18%
[21:01:27] [Worker-Main-1/INFO]: Preparing spawn area: 51%
[21:01:28] [Server thread/INFO]: Time elapsed: 2212 ms
[21:01:28] [Server thread/INFO]: Done (4.461s)! For help, type "help"
[21:02:28] [Server thread/INFO]: Server empty for 60 seconds, pausing
[21:05:28] [Server thread/INFO]: Stopping server
[21:05:28] [Server thread/INFO]: Saving players
[21:05:28] [Server thread/INFO]: Saving worlds
[21:05:28] [Server thread/INFO]: Saving chunks for level 'ServerLevel[world]'/minecraft:overworld
[21:05:28] [Server thread/INFO]: Saving chunks for level 'ServerLevel[world]'/minecraft:the_end
[21:05:28] [Server thread/INFO]: Saving chunks for level 'ServerLevel[world]'/minecraft:the_nether
[21:05:28] [Server thread/INFO]: ThreadedAnvilChunkStorage (world): All chunks are saved
[21:05:28] [Server thread/INFO]: ThreadedAnvilChunkStorage (DIM1): All chunks are saved
[21:05:28] [Server thread/INFO]: ThreadedAnvilChunkStorage (DIM-1): All chunks are saved
[21:05:28] [Server thread/INFO]: ThreadedAnvilChunkStorage: All dimensions are saved
